<?xml version="1.0" encoding="UTF-8"?>
<!-- Generated by org.testng.reporters.JUnitReportReporter -->
<testsuite hostname="DESKTOP-051EIJR" failures="0" tests="1" name="TestCases.QALegendTestCases" time="21.494" errors="0" timestamp="2024-02-08T23:54:43 IST" skipped="0">
  <testcase classname="TestCases.QALegendTestCases" name="editAnnouncement" time="21.494"/>
</testsuite> <!-- TestCases.QALegendTestCases -->
