<?xml version="1.0" encoding="UTF-8"?>
<!-- Generated by org.testng.reporters.JUnitReportReporter -->
<testsuite hostname="DESKTOP-051EIJR" failures="0" tests="1" name="TestCases.QALegendTestCases" time="9.020" errors="0" timestamp="2024-02-06T23:32:48 IST" skipped="0">
  <testcase classname="TestCases.QALegendTestCases" name="addProjects" time="9.020"/>
</testsuite> <!-- TestCases.QALegendTestCases -->
