<?xml version="1.0" encoding="UTF-8"?>
<!-- Generated by org.testng.reporters.JUnitReportReporter -->
<testsuite hostname="DESKTOP-051EIJR" failures="0" tests="1" name="TestCases.QALegendTestCases" time="15.803" errors="0" timestamp="2024-04-01T11:32:19 IST" skipped="0">
  <testcase classname="TestCases.QALegendTestCases" name="addTimeManually" time="15.803"/>
</testsuite> <!-- TestCases.QALegendTestCases -->
