<?xml version="1.0" encoding="UTF-8"?>
<!-- Generated by org.testng.reporters.JUnitReportReporter -->
<testsuite hostname="DESKTOP-051EIJR" failures="0" tests="1" name="TestCases.QALegendTestCases" time="11.904" errors="0" timestamp="2024-02-06T12:21:39 IST" skipped="0">
  <testcase classname="TestCases.QALegendTestCases" name="addTimeManually" time="11.904"/>
</testsuite> <!-- TestCases.QALegendTestCases -->
